#-----------------------------------------------------------
# Vivado v2020.1 (64-bit)
# SW Build 2902540 on Wed May 27 19:54:35 MDT 2020
# IP Build 2902112 on Wed May 27 22:43:36 MDT 2020
# Start of session at: Fri Nov 11 09:18:02 2022
# Process ID: 451841
# Current directory: /home/ferney/Documentos/wp04_SoC_initial/SoC_project/build/gateware
# Command line: vivado -mode batch -source top.tcl
# Log file: /home/ferney/Documentos/wp04_SoC_initial/SoC_project/build/gateware/vivado.log
# Journal file: /home/ferney/Documentos/wp04_SoC_initial/SoC_project/build/gateware/vivado.jou
#-----------------------------------------------------------
source top.tcl
# create_project -force -name top -part xc7z010-clg400-1
# set_msg_config -id {Common 17-55} -new_severity {Warning}
# read_verilog {/opt/litex/pythondata-cpu-vexriscv/pythondata_cpu_vexriscv/verilog/VexRiscv.v}
# read_verilog {/home/ferney/Documentos/wp04_SoC_initial/SoC_project/build/gateware/top.v}
# read_xdc top.xdc
# set_property PROCESSING_ORDER EARLY [get_files top.xdc]
# synth_design -directive default -top top -part xc7z010-clg400-1
Command: synth_design -directive default -top top -part xc7z010-clg400-1
Starting synth_design
Attempting to get a license for feature 'Synthesis' and/or device 'xc7z010'
INFO: [Common 17-349] Got license for feature 'Synthesis' and/or device 'xc7z010'
INFO: [Device 21-403] Loading part xc7z010clg400-1
INFO: [Synth 8-7079] Multithreading enabled for synth_design using a maximum of 4 processes.
INFO: [Synth 8-7078] Launching helper process for spawning children vivado processes
INFO: [Synth 8-7075] Helper process launched with PID 451867
---------------------------------------------------------------------------------
Starting RTL Elaboration : Time (s): cpu = 00:00:04 ; elapsed = 00:00:05 . Memory (MB): peak = 2081.715 ; gain = 0.000 ; free physical = 714 ; free virtual = 4544
---------------------------------------------------------------------------------
INFO: [Synth 8-6157] synthesizing module 'top' [/home/ferney/Documentos/wp04_SoC_initial/SoC_project/build/gateware/top.v:20]
INFO: [Synth 8-3876] $readmem data file 'top_rom.init' is read successfully [/home/ferney/Documentos/wp04_SoC_initial/SoC_project/build/gateware/top.v:1900]
INFO: [Synth 8-3876] $readmem data file 'top_sram.init' is read successfully [/home/ferney/Documentos/wp04_SoC_initial/SoC_project/build/gateware/top.v:1915]
INFO: [Synth 8-3876] $readmem data file 'top_main_ram.init' is read successfully [/home/ferney/Documentos/wp04_SoC_initial/SoC_project/build/gateware/top.v:1938]
INFO: [Synth 8-155] case statement is not full and has no default [/home/ferney/Documentos/wp04_SoC_initial/SoC_project/build/gateware/top.v:1595]
INFO: [Synth 8-155] case statement is not full and has no default [/home/ferney/Documentos/wp04_SoC_initial/SoC_project/build/gateware/top.v:1604]
INFO: [Synth 8-155] case statement is not full and has no default [/home/ferney/Documentos/wp04_SoC_initial/SoC_project/build/gateware/top.v:1618]
INFO: [Synth 8-155] case statement is not full and has no default [/home/ferney/Documentos/wp04_SoC_initial/SoC_project/build/gateware/top.v:1686]
INFO: [Synth 8-155] case statement is not full and has no default [/home/ferney/Documentos/wp04_SoC_initial/SoC_project/build/gateware/top.v:1698]
INFO: [Synth 8-155] case statement is not full and has no default [/home/ferney/Documentos/wp04_SoC_initial/SoC_project/build/gateware/top.v:1707]
INFO: [Synth 8-155] case statement is not full and has no default [/home/ferney/Documentos/wp04_SoC_initial/SoC_project/build/gateware/top.v:1762]
INFO: [Synth 8-6157] synthesizing module 'VexRiscv' [/opt/litex/pythondata-cpu-vexriscv/pythondata_cpu_vexriscv/verilog/VexRiscv.v:7]
	Parameter ShiftCtrlEnum_DISABLE_1 bound to: 2'b00 
	Parameter ShiftCtrlEnum_SLL_1 bound to: 2'b01 
	Parameter ShiftCtrlEnum_SRL_1 bound to: 2'b10 
	Parameter ShiftCtrlEnum_SRA_1 bound to: 2'b11 
	Parameter EnvCtrlEnum_NONE bound to: 2'b00 
	Parameter EnvCtrlEnum_XRET bound to: 2'b01 
	Parameter EnvCtrlEnum_ECALL bound to: 2'b10 
	Parameter BranchCtrlEnum_INC bound to: 2'b00 
	Parameter BranchCtrlEnum_B bound to: 2'b01 
	Parameter BranchCtrlEnum_JAL bound to: 2'b10 
	Parameter BranchCtrlEnum_JALR bound to: 2'b11 
	Parameter AluBitwiseCtrlEnum_XOR_1 bound to: 2'b00 
	Parameter AluBitwiseCtrlEnum_OR_1 bound to: 2'b01 
	Parameter AluBitwiseCtrlEnum_AND_1 bound to: 2'b10 
	Parameter Src2CtrlEnum_RS bound to: 2'b00 
	Parameter Src2CtrlEnum_IMI bound to: 2'b01 
	Parameter Src2CtrlEnum_IMS bound to: 2'b10 
	Parameter Src2CtrlEnum_PC bound to: 2'b11 
	Parameter AluCtrlEnum_ADD_SUB bound to: 2'b00 
	Parameter AluCtrlEnum_SLT_SLTU bound to: 2'b01 
	Parameter AluCtrlEnum_BITWISE bound to: 2'b10 
	Parameter Src1CtrlEnum_RS bound to: 2'b00 
	Parameter Src1CtrlEnum_IMU bound to: 2'b01 
	Parameter Src1CtrlEnum_PC_INCREMENT bound to: 2'b10 
	Parameter Src1CtrlEnum_URS1 bound to: 2'b11 
INFO: [Synth 8-6157] synthesizing module 'InstructionCache' [/opt/litex/pythondata-cpu-vexriscv/pythondata_cpu_vexriscv/verilog/VexRiscv.v:5981]
INFO: [Synth 8-6155] done synthesizing module 'InstructionCache' (1#1) [/opt/litex/pythondata-cpu-vexriscv/pythondata_cpu_vexriscv/verilog/VexRiscv.v:5981]
INFO: [Synth 8-6157] synthesizing module 'DataCache' [/opt/litex/pythondata-cpu-vexriscv/pythondata_cpu_vexriscv/verilog/VexRiscv.v:5140]
INFO: [Synth 8-6155] done synthesizing module 'DataCache' (2#1) [/opt/litex/pythondata-cpu-vexriscv/pythondata_cpu_vexriscv/verilog/VexRiscv.v:5140]
INFO: [Synth 8-6155] done synthesizing module 'VexRiscv' (3#1) [/opt/litex/pythondata-cpu-vexriscv/pythondata_cpu_vexriscv/verilog/VexRiscv.v:7]
INFO: [Synth 8-6155] done synthesizing module 'top' (4#1) [/home/ferney/Documentos/wp04_SoC_initial/SoC_project/build/gateware/top.v:20]
---------------------------------------------------------------------------------
Finished RTL Elaboration : Time (s): cpu = 00:00:06 ; elapsed = 00:00:08 . Memory (MB): peak = 2081.715 ; gain = 0.000 ; free physical = 763 ; free virtual = 4593
---------------------------------------------------------------------------------
---------------------------------------------------------------------------------
Start Handling Custom Attributes
---------------------------------------------------------------------------------
---------------------------------------------------------------------------------
Finished Handling Custom Attributes : Time (s): cpu = 00:00:07 ; elapsed = 00:00:09 . Memory (MB): peak = 2081.715 ; gain = 0.000 ; free physical = 748 ; free virtual = 4590
---------------------------------------------------------------------------------
---------------------------------------------------------------------------------
Finished RTL Optimization Phase 1 : Time (s): cpu = 00:00:07 ; elapsed = 00:00:09 . Memory (MB): peak = 2081.715 ; gain = 0.000 ; free physical = 748 ; free virtual = 4590
---------------------------------------------------------------------------------
Netlist sorting complete. Time (s): cpu = 00:00:00.05 ; elapsed = 00:00:00.05 . Memory (MB): peak = 2081.715 ; gain = 0.000 ; free physical = 736 ; free virtual = 4577
INFO: [Project 1-570] Preparing netlist for logic optimization

Processing XDC Constraints
Initializing timing engine
Parsing XDC File [/home/ferney/Documentos/wp04_SoC_initial/SoC_project/build/gateware/top.xdc]
WARNING: [Vivado 12-180] No cells matched 'get_cells -hierarchical -filter {ars_ff1 == TRUE || ars_ff2 == TRUE}'. [/home/ferney/Documentos/wp04_SoC_initial/SoC_project/build/gateware/top.xdc:94]
WARNING: [Vivado 12-508] No pins matched 'get_pins -filter {REF_PIN_NAME == PRE} -of_objects [get_cells -hierarchical -filter {ars_ff1 == TRUE || ars_ff2 == TRUE}]'. [/home/ferney/Documentos/wp04_SoC_initial/SoC_project/build/gateware/top.xdc:94]
WARNING: [Vivado 12-180] No cells matched 'get_cells -hierarchical -filter {ars_ff1 == TRUE}'. [/home/ferney/Documentos/wp04_SoC_initial/SoC_project/build/gateware/top.xdc:96]
WARNING: [Vivado 12-508] No pins matched 'get_pins -filter {REF_PIN_NAME == C} -of_objects [get_cells -hierarchical -filter {ars_ff1 == TRUE}]'. [/home/ferney/Documentos/wp04_SoC_initial/SoC_project/build/gateware/top.xdc:96]
WARNING: [Vivado 12-180] No cells matched 'get_cells -hierarchical -filter {ars_ff2 == TRUE}'. [/home/ferney/Documentos/wp04_SoC_initial/SoC_project/build/gateware/top.xdc:96]
WARNING: [Vivado 12-508] No pins matched 'get_pins -filter {REF_PIN_NAME == D} -of_objects [get_cells -hierarchical -filter {ars_ff2 == TRUE}]'. [/home/ferney/Documentos/wp04_SoC_initial/SoC_project/build/gateware/top.xdc:96]
Finished Parsing XDC File [/home/ferney/Documentos/wp04_SoC_initial/SoC_project/build/gateware/top.xdc]
INFO: [Project 1-236] Implementation specific constraints were found while reading constraint file [/home/ferney/Documentos/wp04_SoC_initial/SoC_project/build/gateware/top.xdc]. These constraints will be ignored for synthesis but will be used in implementation. Impacted constraints are listed in the file [.Xil/top_propImpl.xdc].
Resolution: To avoid this warning, move constraints listed in [.Xil/top_propImpl.xdc] to another XDC file and exclude this new file from synthesis with the used_in_synthesis property (File Properties dialog in GUI) and re-run elaboration/synthesis.
Completed Processing XDC Constraints

Netlist sorting complete. Time (s): cpu = 00:00:00 ; elapsed = 00:00:00 . Memory (MB): peak = 2218.430 ; gain = 0.000 ; free physical = 647 ; free virtual = 4482
INFO: [Project 1-111] Unisim Transformation Summary:
No Unisim elements were transformed.

Constraint Validation Runtime : Time (s): cpu = 00:00:00.02 ; elapsed = 00:00:00.02 . Memory (MB): peak = 2218.430 ; gain = 0.000 ; free physical = 647 ; free virtual = 4482
---------------------------------------------------------------------------------
Finished Constraint Validation : Time (s): cpu = 00:00:13 ; elapsed = 00:00:16 . Memory (MB): peak = 2218.430 ; gain = 136.715 ; free physical = 731 ; free virtual = 4569
---------------------------------------------------------------------------------
---------------------------------------------------------------------------------
Start Loading Part and Timing Information
---------------------------------------------------------------------------------
Loading part: xc7z010clg400-1
---------------------------------------------------------------------------------
Finished Loading Part and Timing Information : Time (s): cpu = 00:00:13 ; elapsed = 00:00:16 . Memory (MB): peak = 2218.430 ; gain = 136.715 ; free physical = 731 ; free virtual = 4568
---------------------------------------------------------------------------------
---------------------------------------------------------------------------------
Start Applying 'set_property' XDC Constraints
---------------------------------------------------------------------------------
---------------------------------------------------------------------------------
Finished applying 'set_property' XDC Constraints : Time (s): cpu = 00:00:13 ; elapsed = 00:00:16 . Memory (MB): peak = 2218.430 ; gain = 136.715 ; free physical = 731 ; free virtual = 4566
---------------------------------------------------------------------------------
WARNING: [Synth 8-6841] Block RAM (main_ram_reg) originally specified as a Byte Wide Write Enable RAM cannot take advantage of ByteWide feature and is implemented with single write enable per RAM due to following reason.
(address width (13) is more than optimal threshold of 12. Implementing using BWWE will require more logic and timing would be suboptimal. Please use attribute ram_decomp = power if BWWE is desired.)
---------------------------------------------------------------------------------
Finished RTL Optimization Phase 2 : Time (s): cpu = 00:00:15 ; elapsed = 00:00:19 . Memory (MB): peak = 2218.430 ; gain = 136.715 ; free physical = 699 ; free virtual = 4548
---------------------------------------------------------------------------------
---------------------------------------------------------------------------------
Start RTL Component Statistics 
---------------------------------------------------------------------------------
Detailed RTL Component Info : 
+---Adders : 
	   2 Input   64 Bit       Adders := 1     
	   3 Input   52 Bit       Adders := 1     
	   2 Input   33 Bit       Adders := 3     
	   3 Input   33 Bit       Adders := 1     
	   2 Input   32 Bit       Adders := 9     
	   3 Input   32 Bit       Adders := 1     
	   2 Input    8 Bit       Adders := 2     
	   2 Input    6 Bit       Adders := 1     
	   2 Input    5 Bit       Adders := 2     
	   2 Input    4 Bit       Adders := 9     
	   2 Input    3 Bit       Adders := 4     
	   2 Input    1 Bit       Adders := 1     
+---XORs : 
	   2 Input     32 Bit         XORs := 1     
	   2 Input      1 Bit         XORs := 2     
+---Registers : 
	               65 Bit    Registers := 1     
	               52 Bit    Registers := 1     
	               34 Bit    Registers := 1     
	               33 Bit    Registers := 1     
	               32 Bit    Registers := 55    
	               30 Bit    Registers := 3     
	               22 Bit    Registers := 2     
	               13 Bit    Registers := 1     
	               10 Bit    Registers := 1     
	                8 Bit    Registers := 10    
	                6 Bit    Registers := 1     
	                5 Bit    Registers := 3     
	                4 Bit    Registers := 18    
	                3 Bit    Registers := 9     
	                2 Bit    Registers := 17    
	                1 Bit    Registers := 147   
+---RAMs : 
	             160K Bit	(5120 X 32 bit)          RAMs := 1     
	              32K Bit	(1024 X 32 bit)          RAMs := 2     
	               8K Bit	(1024 X 8 bit)          RAMs := 4     
	               2K Bit	(128 X 22 bit)          RAMs := 2     
	             1024 Bit	(32 X 32 bit)          RAMs := 1     
	              160 Bit	(16 X 10 bit)          RAMs := 2     
+---ROMs : 
	                    ROMs := 1     
+---Muxes : 
	   2 Input   33 Bit        Muxes := 3     
	   2 Input   32 Bit        Muxes := 92    
	   3 Input   32 Bit        Muxes := 3     
	   4 Input   32 Bit        Muxes := 4     
	   2 Input   30 Bit        Muxes := 1     
	   2 Input   25 Bit        Muxes := 1     
	   2 Input   14 Bit        Muxes := 2     
	   2 Input   10 Bit        Muxes := 1     
	   2 Input    8 Bit        Muxes := 13    
	   4 Input    8 Bit        Muxes := 1     
	   5 Input    8 Bit        Muxes := 1     
	   3 Input    8 Bit        Muxes := 2     
	   2 Input    7 Bit        Muxes := 4     
	   2 Input    5 Bit        Muxes := 3     
	   4 Input    4 Bit        Muxes := 3     
	   2 Input    4 Bit        Muxes := 9     
	   5 Input    4 Bit        Muxes := 1     
	   6 Input    4 Bit        Muxes := 1     
	   3 Input    4 Bit        Muxes := 1     
	   2 Input    3 Bit        Muxes := 8     
	   3 Input    3 Bit        Muxes := 1     
	   2 Input    2 Bit        Muxes := 6     
	   2 Input    1 Bit        Muxes := 153   
	   3 Input    1 Bit        Muxes := 2     
	   4 Input    1 Bit        Muxes := 2     
---------------------------------------------------------------------------------
Finished RTL Component Statistics 
---------------------------------------------------------------------------------
---------------------------------------------------------------------------------
Start Part Resource Summary
---------------------------------------------------------------------------------
Part Resources:
DSPs: 80 (col length:40)
BRAMs: 120 (col length: RAMB18 40 RAMB36 20)
---------------------------------------------------------------------------------
Finished Part Resource Summary
---------------------------------------------------------------------------------
---------------------------------------------------------------------------------
Start Cross Boundary and Area Optimization
---------------------------------------------------------------------------------
DSP Report: Generating DSP memory_to_writeBack_MUL_HH_reg, operation Mode is: (A*B)'.
DSP Report: register memory_to_writeBack_MUL_HH_reg is absorbed into DSP memory_to_writeBack_MUL_HH_reg.
DSP Report: register execute_to_memory_MUL_HH_reg is absorbed into DSP memory_to_writeBack_MUL_HH_reg.
DSP Report: operator execute_MUL_HH is absorbed into DSP memory_to_writeBack_MUL_HH_reg.
DSP Report: Generating DSP execute_to_memory_MUL_LH_reg, operation Mode is: (A*B)'.
DSP Report: register execute_to_memory_MUL_LH_reg is absorbed into DSP execute_to_memory_MUL_LH_reg.
DSP Report: operator execute_MUL_LH is absorbed into DSP execute_to_memory_MUL_LH_reg.
DSP Report: Generating DSP execute_to_memory_MUL_HL_reg, operation Mode is: (A*B)'.
DSP Report: register execute_to_memory_MUL_HL_reg is absorbed into DSP execute_to_memory_MUL_HL_reg.
DSP Report: operator execute_MUL_HL is absorbed into DSP execute_to_memory_MUL_HL_reg.
DSP Report: Generating DSP execute_to_memory_MUL_LL_reg, operation Mode is: (A*B)'.
DSP Report: register execute_to_memory_MUL_LL_reg is absorbed into DSP execute_to_memory_MUL_LL_reg.
DSP Report: operator execute_MUL_LL is absorbed into DSP execute_to_memory_MUL_LL_reg.
INFO: [Synth 8-3971] The signal "VexRiscv/RegFilePlugin_regFile_reg" was recognized as a true dual port RAM template.
RAM Pipeline Warning: Read Address Register Found For RAM sram_reg. We will not be able to pipeline it. This may degrade performance. 
RAM Pipeline Warning: Read Address Register Found For RAM sram_reg. We will not be able to pipeline it. This may degrade performance. 
RAM Pipeline Warning: Read Address Register Found For RAM main_ram_reg. We will not be able to pipeline it. This may degrade performance. 
RAM Pipeline Warning: Read Address Register Found For RAM main_ram_reg. We will not be able to pipeline it. This may degrade performance. 
WARNING: [Synth 8-6841] Block RAM (main_ram_reg) originally specified as a Byte Wide Write Enable RAM cannot take advantage of ByteWide feature and is implemented with single write enable per RAM due to following reason.
(address width (13) is more than optimal threshold of 12. Implementing using BWWE will require more logic and timing would be suboptimal. Please use attribute ram_decomp = power if BWWE is desired.)
RAM Pipeline Warning: Read Address Register Found For RAM sram_reg. We will not be able to pipeline it. This may degrade performance. 
RAM Pipeline Warning: Read Address Register Found For RAM main_ram_reg. We will not be able to pipeline it. This may degrade performance. 
---------------------------------------------------------------------------------
Finished Cross Boundary and Area Optimization : Time (s): cpu = 00:00:39 ; elapsed = 00:00:43 . Memory (MB): peak = 2218.430 ; gain = 136.715 ; free physical = 614 ; free virtual = 4517
---------------------------------------------------------------------------------
---------------------------------------------------------------------------------
Start ROM, RAM, DSP and Shift Register Reporting
---------------------------------------------------------------------------------

ROM: Preliminary Mapping	Report
+------------+--------------+---------------+----------------+
|Module Name | RTL Object   | Depth x Width | Implemented As | 
+------------+--------------+---------------+----------------+
|top         | rom_dat0_reg | 8192x32       | Block RAM      | 
+------------+--------------+---------------+----------------+


Block RAM: Preliminary Mapping	Report (see note below)
+--------------------------------+-------------------------+------------------------+---+---+------------------------+---+---+------------------+--------+--------+
|Module Name                     | RTL Object              | PORT A (Depth x Width) | W | R | PORT B (Depth x Width) | W | R | Ports driving FF | RAMB18 | RAMB36 | 
+--------------------------------+-------------------------+------------------------+---+---+------------------------+---+---+------------------+--------+--------+
|VexRiscv/IBusCachedPlugin_cache | banks_0_reg             | 1 K x 32(READ_FIRST)   | W |   | 1 K x 32(WRITE_FIRST)  |   | R | Port A and B     | 0      | 1      | 
|VexRiscv/IBusCachedPlugin_cache | ways_0_tags_reg         | 128 x 22(READ_FIRST)   | W |   | 128 x 22(WRITE_FIRST)  |   | R | Port A and B     | 1      | 0      | 
|VexRiscv/dataCache_1            | ways_0_tags_reg         | 128 x 22(READ_FIRST)   | W |   | 128 x 22(WRITE_FIRST)  |   | R | Port A and B     | 1      | 0      | 
|VexRiscv/dataCache_1            | ways_0_data_symbol0_reg | 1 K x 8(READ_FIRST)    | W |   | 1 K x 8(WRITE_FIRST)   |   | R | Port A and B     | 1      | 0      | 
|VexRiscv/dataCache_1            | ways_0_data_symbol1_reg | 1 K x 8(READ_FIRST)    | W |   | 1 K x 8(WRITE_FIRST)   |   | R | Port A and B     | 1      | 0      | 
|VexRiscv/dataCache_1            | ways_0_data_symbol2_reg | 1 K x 8(READ_FIRST)    | W |   | 1 K x 8(WRITE_FIRST)   |   | R | Port A and B     | 1      | 0      | 
|VexRiscv/dataCache_1            | ways_0_data_symbol3_reg | 1 K x 8(READ_FIRST)    | W |   | 1 K x 8(WRITE_FIRST)   |   | R | Port A and B     | 1      | 0      | 
|top                             | sram_reg                | 1 K x 32(WRITE_FIRST)  | W | R |                        |   |   | Port A           | 0      | 1      | 
|top                             | main_ram_reg            | 5 K x 32(WRITE_FIRST)  | W | R |                        |   |   | Port A           | 0      | 8      | 
+--------------------------------+-------------------------+------------------------+---+---+------------------------+---+---+------------------+--------+--------+

Note: The table above is a preliminary report that shows the Block RAMs at the current stage of the synthesis flow. Some Block RAMs may be reimplemented as non Block RAM primitives later in the synthesis flow. Multiple instantiated Block RAMs are reported only once. 

Distributed RAM: Preliminary Mapping	Report (see note below)
+------------+---------------+-----------+----------------------+-------------+
|Module Name | RTL Object    | Inference | Size (Depth x Width) | Primitives  | 
+------------+---------------+-----------+----------------------+-------------+
|top         | storage_reg   | Implied   | 16 x 8               | RAM32M x 2	 | 
|top         | storage_1_reg | Implied   | 16 x 8               | RAM32M x 2	 | 
+------------+---------------+-----------+----------------------+-------------+

Note: The table above is a preliminary report that shows the Distributed RAMs at the current stage of the synthesis flow. Some Distributed RAMs may be reimplemented as non Distributed RAM primitives later in the synthesis flow. Multiple instantiated RAMs are reported only once.

DSP: Preliminary Mapping	Report (see note below)
+------------+-------------+--------+--------+--------+--------+--------+------+------+------+------+-------+------+------+
|Module Name | DSP Mapping | A Size | B Size | C Size | D Size | P Size | AREG | BREG | CREG | DREG | ADREG | MREG | PREG | 
+------------+-------------+--------+--------+--------+--------+--------+------+------+------+------+-------+------+------+
|VexRiscv    | (A*B)'      | 17     | 17     | -      | -      | 34     | 0    | 0    | -    | -    | -     | 1    | 1    | 
|VexRiscv    | (A*B)'      | 17     | 17     | -      | -      | 34     | 0    | 0    | -    | -    | -     | 1    | 0    | 
|VexRiscv    | (A*B)'      | 17     | 17     | -      | -      | 34     | 0    | 0    | -    | -    | -     | 1    | 0    | 
|VexRiscv    | (A*B)'      | 16     | 16     | -      | -      | 32     | 0    | 0    | -    | -    | -     | 1    | 0    | 
+------------+-------------+--------+--------+--------+--------+--------+------+------+------+------+-------+------+------+

Note: The table above is a preliminary report that shows the DSPs inferred at the current stage of the synthesis flow. Some DSP may be reimplemented as non DSP primitives later in the synthesis flow. Multiple instantiated DSPs are reported only once.
---------------------------------------------------------------------------------
Finished ROM, RAM, DSP and Shift Register Reporting
---------------------------------------------------------------------------------
---------------------------------------------------------------------------------
Start Applying XDC Timing Constraints
---------------------------------------------------------------------------------
---------------------------------------------------------------------------------
Finished Applying XDC Timing Constraints : Time (s): cpu = 00:00:46 ; elapsed = 00:00:51 . Memory (MB): peak = 2218.430 ; gain = 136.715 ; free physical = 451 ; free virtual = 4363
---------------------------------------------------------------------------------
---------------------------------------------------------------------------------
Start Timing Optimization
---------------------------------------------------------------------------------
---------------------------------------------------------------------------------
Finished Timing Optimization : Time (s): cpu = 00:01:01 ; elapsed = 00:01:07 . Memory (MB): peak = 2369.719 ; gain = 288.004 ; free physical = 335 ; free virtual = 4314
---------------------------------------------------------------------------------
---------------------------------------------------------------------------------
Start ROM, RAM, DSP and Shift Register Reporting
---------------------------------------------------------------------------------

Block RAM: Final Mapping	Report
+--------------------------------+-------------------------+------------------------+---+---+------------------------+---+---+------------------+--------+--------+
|Module Name                     | RTL Object              | PORT A (Depth x Width) | W | R | PORT B (Depth x Width) | W | R | Ports driving FF | RAMB18 | RAMB36 | 
+--------------------------------+-------------------------+------------------------+---+---+------------------------+---+---+------------------+--------+--------+
|VexRiscv/IBusCachedPlugin_cache | banks_0_reg             | 1 K x 32(READ_FIRST)   | W |   | 1 K x 32(WRITE_FIRST)  |   | R | Port A and B     | 0      | 1      | 
|VexRiscv/IBusCachedPlugin_cache | ways_0_tags_reg         | 128 x 22(READ_FIRST)   | W |   | 128 x 22(WRITE_FIRST)  |   | R | Port A and B     | 1      | 0      | 
|VexRiscv/dataCache_1            | ways_0_tags_reg         | 128 x 22(READ_FIRST)   | W |   | 128 x 22(WRITE_FIRST)  |   | R | Port A and B     | 1      | 0      | 
|VexRiscv/dataCache_1            | ways_0_data_symbol0_reg | 1 K x 8(READ_FIRST)    | W |   | 1 K x 8(WRITE_FIRST)   |   | R | Port A and B     | 1      | 0      | 
|VexRiscv/dataCache_1            | ways_0_data_symbol1_reg | 1 K x 8(READ_FIRST)    | W |   | 1 K x 8(WRITE_FIRST)   |   | R | Port A and B     | 1      | 0      | 
|VexRiscv/dataCache_1            | ways_0_data_symbol2_reg | 1 K x 8(READ_FIRST)    | W |   | 1 K x 8(WRITE_FIRST)   |   | R | Port A and B     | 1      | 0      | 
|VexRiscv/dataCache_1            | ways_0_data_symbol3_reg | 1 K x 8(READ_FIRST)    | W |   | 1 K x 8(WRITE_FIRST)   |   | R | Port A and B     | 1      | 0      | 
|top                             | sram_reg                | 1 K x 32(WRITE_FIRST)  | W | R |                        |   |   | Port A           | 0      | 1      | 
|top                             | main_ram_reg            | 5 K x 32(WRITE_FIRST)  | W | R |                        |   |   | Port A           | 0      | 8      | 
+--------------------------------+-------------------------+------------------------+---+---+------------------------+---+---+------------------+--------+--------+


Distributed RAM: Final Mapping	Report
+------------+---------------+-----------+----------------------+-------------+
|Module Name | RTL Object    | Inference | Size (Depth x Width) | Primitives  | 
+------------+---------------+-----------+----------------------+-------------+
|top         | storage_reg   | Implied   | 16 x 8               | RAM32M x 2	 | 
|top         | storage_1_reg | Implied   | 16 x 8               | RAM32M x 2	 | 
+------------+---------------+-----------+----------------------+-------------+

---------------------------------------------------------------------------------
Finished ROM, RAM, DSP and Shift Register Reporting
---------------------------------------------------------------------------------
---------------------------------------------------------------------------------
Start Technology Mapping
---------------------------------------------------------------------------------
INFO: [Synth 8-7052] The timing for the instance VexRiscv/IBusCachedPlugin_cache/banks_0_reg (implemented as a Block RAM) might be sub-optimal as no optional output register could be merged into the ram block. Providing additional output register may help in improving timing.
INFO: [Synth 8-7052] The timing for the instance VexRiscv/IBusCachedPlugin_cache/ways_0_tags_reg (implemented as a Block RAM) might be sub-optimal as no optional output register could be merged into the ram block. Providing additional output register may help in improving timing.
INFO: [Synth 8-7052] The timing for the instance VexRiscv/dataCache_1/ways_0_tags_reg (implemented as a Block RAM) might be sub-optimal as no optional output register could be merged into the ram block. Providing additional output register may help in improving timing.
INFO: [Synth 8-7052] The timing for the instance VexRiscv/RegFilePlugin_regFile_reg_1 (implemented as a Block RAM) might be sub-optimal as no optional output register could be merged into the ram block. Providing additional output register may help in improving timing.
INFO: [Synth 8-7052] The timing for the instance VexRiscv/RegFilePlugin_regFile_reg_2 (implemented as a Block RAM) might be sub-optimal as no optional output register could be merged into the ram block. Providing additional output register may help in improving timing.
INFO: [Synth 8-7052] The timing for the instance sram_reg (implemented as a Block RAM) might be sub-optimal as no optional output register could be merged into the ram block. Providing additional output register may help in improving timing.
INFO: [Synth 8-7052] The timing for the instance main_ram_reg_0_0 (implemented as a Block RAM) might be sub-optimal as no optional output register could be merged into the ram block. Providing additional output register may help in improving timing.
INFO: [Synth 8-7052] The timing for the instance main_ram_reg_0_1 (implemented as a Block RAM) might be sub-optimal as no optional output register could be merged into the ram block. Providing additional output register may help in improving timing.
INFO: [Synth 8-7052] The timing for the instance main_ram_reg_1_0 (implemented as a Block RAM) might be sub-optimal as no optional output register could be merged into the ram block. Providing additional output register may help in improving timing.
INFO: [Synth 8-7052] The timing for the instance main_ram_reg_1_1 (implemented as a Block RAM) might be sub-optimal as no optional output register could be merged into the ram block. Providing additional output register may help in improving timing.
INFO: [Synth 8-7052] The timing for the instance main_ram_reg_2_0 (implemented as a Block RAM) might be sub-optimal as no optional output register could be merged into the ram block. Providing additional output register may help in improving timing.
INFO: [Synth 8-7052] The timing for the instance main_ram_reg_2_1 (implemented as a Block RAM) might be sub-optimal as no optional output register could be merged into the ram block. Providing additional output register may help in improving timing.
INFO: [Synth 8-7052] The timing for the instance main_ram_reg_3_0 (implemented as a Block RAM) might be sub-optimal as no optional output register could be merged into the ram block. Providing additional output register may help in improving timing.
INFO: [Synth 8-7052] The timing for the instance main_ram_reg_3_1 (implemented as a Block RAM) might be sub-optimal as no optional output register could be merged into the ram block. Providing additional output register may help in improving timing.
INFO: [Synth 8-7052] The timing for the instance rom_dat0_reg_0 (implemented as a Block RAM) might be sub-optimal as no optional output register could be merged into the ram block. Providing additional output register may help in improving timing.
INFO: [Synth 8-7052] The timing for the instance rom_dat0_reg_1 (implemented as a Block RAM) might be sub-optimal as no optional output register could be merged into the ram block. Providing additional output register may help in improving timing.
INFO: [Synth 8-7052] The timing for the instance rom_dat0_reg_2 (implemented as a Block RAM) might be sub-optimal as no optional output register could be merged into the ram block. Providing additional output register may help in improving timing.
INFO: [Synth 8-7052] The timing for the instance rom_dat0_reg_3 (implemented as a Block RAM) might be sub-optimal as no optional output register could be merged into the ram block. Providing additional output register may help in improving timing.
INFO: [Synth 8-7052] The timing for the instance rom_dat0_reg_4 (implemented as a Block RAM) might be sub-optimal as no optional output register could be merged into the ram block. Providing additional output register may help in improving timing.
INFO: [Synth 8-7052] The timing for the instance rom_dat0_reg_5 (implemented as a Block RAM) might be sub-optimal as no optional output register could be merged into the ram block. Providing additional output register may help in improving timing.
INFO: [Synth 8-7052] The timing for the instance rom_dat0_reg_6 (implemented as a Block RAM) might be sub-optimal as no optional output register could be merged into the ram block. Providing additional output register may help in improving timing.
INFO: [Synth 8-7052] The timing for the instance rom_dat0_reg_7 (implemented as a Block RAM) might be sub-optimal as no optional output register could be merged into the ram block. Providing additional output register may help in improving timing.
---------------------------------------------------------------------------------
Finished Technology Mapping : Time (s): cpu = 00:01:04 ; elapsed = 00:01:10 . Memory (MB): peak = 2377.727 ; gain = 296.012 ; free physical = 351 ; free virtual = 4308
---------------------------------------------------------------------------------
---------------------------------------------------------------------------------
Start IO Insertion
---------------------------------------------------------------------------------
---------------------------------------------------------------------------------
Start Flattening Before IO Insertion
---------------------------------------------------------------------------------
---------------------------------------------------------------------------------
Finished Flattening Before IO Insertion
---------------------------------------------------------------------------------
---------------------------------------------------------------------------------
Start Final Netlist Cleanup
---------------------------------------------------------------------------------
---------------------------------------------------------------------------------
Finished Final Netlist Cleanup
---------------------------------------------------------------------------------
WARNING: [Synth 8-5396] Clock pin C has keep related attribute (keep/mark_debug/dont_touch) which could create extra logic on its net [/opt/litex/pythondata-cpu-vexriscv/pythondata_cpu_vexriscv/verilog/VexRiscv.v:4836]
---------------------------------------------------------------------------------
Finished IO Insertion : Time (s): cpu = 00:01:07 ; elapsed = 00:01:13 . Memory (MB): peak = 2377.727 ; gain = 296.012 ; free physical = 330 ; free virtual = 4314
---------------------------------------------------------------------------------
---------------------------------------------------------------------------------
Start Renaming Generated Instances
---------------------------------------------------------------------------------
---------------------------------------------------------------------------------
Finished Renaming Generated Instances : Time (s): cpu = 00:01:07 ; elapsed = 00:01:13 . Memory (MB): peak = 2377.727 ; gain = 296.012 ; free physical = 330 ; free virtual = 4314
---------------------------------------------------------------------------------
---------------------------------------------------------------------------------
Start Rebuilding User Hierarchy
---------------------------------------------------------------------------------
---------------------------------------------------------------------------------
Finished Rebuilding User Hierarchy : Time (s): cpu = 00:01:07 ; elapsed = 00:01:13 . Memory (MB): peak = 2377.727 ; gain = 296.012 ; free physical = 345 ; free virtual = 4313
---------------------------------------------------------------------------------
---------------------------------------------------------------------------------
Start Renaming Generated Ports
---------------------------------------------------------------------------------
---------------------------------------------------------------------------------
Finished Renaming Generated Ports : Time (s): cpu = 00:01:07 ; elapsed = 00:01:13 . Memory (MB): peak = 2377.727 ; gain = 296.012 ; free physical = 345 ; free virtual = 4313
---------------------------------------------------------------------------------
---------------------------------------------------------------------------------
Start Handling Custom Attributes
---------------------------------------------------------------------------------
---------------------------------------------------------------------------------
Finished Handling Custom Attributes : Time (s): cpu = 00:01:07 ; elapsed = 00:01:13 . Memory (MB): peak = 2377.727 ; gain = 296.012 ; free physical = 344 ; free virtual = 4312
---------------------------------------------------------------------------------
---------------------------------------------------------------------------------
Start Renaming Generated Nets
---------------------------------------------------------------------------------
---------------------------------------------------------------------------------
Finished Renaming Generated Nets : Time (s): cpu = 00:01:07 ; elapsed = 00:01:13 . Memory (MB): peak = 2377.727 ; gain = 296.012 ; free physical = 344 ; free virtual = 4309
---------------------------------------------------------------------------------
---------------------------------------------------------------------------------
Start Writing Synthesis Report
---------------------------------------------------------------------------------

Report BlackBoxes: 
+-+--------------+----------+
| |BlackBox name |Instances |
+-+--------------+----------+
+-+--------------+----------+

Report Cell Usage: 
+------+---------+------+
|      |Cell     |Count |
+------+---------+------+
|1     |BUFG     |     1|
|2     |CARRY4   |   201|
|3     |DSP48E1  |     4|
|5     |LUT1     |   220|
|6     |LUT2     |   330|
|7     |LUT3     |   341|
|8     |LUT4     |   579|
|9     |LUT5     |   474|
|10    |LUT6     |   961|
|11    |MUXF7    |     1|
|12    |RAM32M   |     4|
|13    |RAMB18E1 |     8|
|15    |RAMB36E1 |    18|
|26    |FDRE     |  1997|
|27    |FDSE     |    68|
|28    |IBUF     |    10|
|29    |OBUF     |     8|
+------+---------+------+
---------------------------------------------------------------------------------
Finished Writing Synthesis Report : Time (s): cpu = 00:01:07 ; elapsed = 00:01:13 . Memory (MB): peak = 2377.727 ; gain = 296.012 ; free physical = 344 ; free virtual = 4309
---------------------------------------------------------------------------------
Synthesis finished with 0 errors, 0 critical warnings and 3 warnings.
