Copyright 1986-2020 Xilinx, Inc. All Rights Reserved.
-----------------------------------------------------------------------------------------------------
| Tool Version : Vivado v.2020.1 (lin64) Build 2902540 Wed May 27 19:54:35 MDT 2020
| Date         : Sat Dec 12 19:54:48 2020
| Host         : ferney-pc running 64-bit Ubuntu 20.04.1 LTS
| Command      : report_utilization -hierarchical -file nexys4ddr_utilization_hierarchical_synth.rpt
| Design       : nexys4ddr
| Device       : 7a100tcsg324-1
| Design State : Synthesized
-----------------------------------------------------------------------------------------------------

Utilization Design Information

Table of Contents
-----------------
1. Utilization by Hierarchy

1. Utilization by Hierarchy
---------------------------

+----------------+-------------------+------------+------------+---------+------+------+--------+--------+------------+
|    Instance    |       Module      | Total LUTs | Logic LUTs | LUTRAMs | SRLs |  FFs | RAMB36 | RAMB18 | DSP Blocks |
+----------------+-------------------+------------+------------+---------+------+------+--------+--------+------------+
| nexys4ddr      |             (top) |       3450 |       3330 |     120 |    0 | 2863 |    134 |      0 |          1 |
|   (nexys4ddr)  |             (top) |        959 |        927 |      32 |    0 | 1707 |    134 |      0 |          1 |
|   camara       |            camara |          1 |          1 |       0 |    0 |   26 |      0 |      0 |          0 |
|   picorv32     |          picorv32 |       2490 |       2402 |      88 |    0 | 1130 |      0 |      0 |          0 |
|     (picorv32) |          picorv32 |       1801 |       1713 |      88 |    0 |  675 |      0 |      0 |          0 |
|     pcpi_div   | picorv32_pcpi_div |        445 |        445 |       0 |    0 |  200 |      0 |      0 |          0 |
|     pcpi_mul   | picorv32_pcpi_mul |        244 |        244 |       0 |    0 |  255 |      0 |      0 |          0 |
+----------------+-------------------+------------+------------+---------+------+------+--------+--------+------------+


